<testsuite failures="0" name="com/inditex/certification/features/find_pets_by_status.feature" skipped="0" tests="1" time="1.536523">
  <testcase classname="com.inditex.certification.features.find_pets_by_status" name="search pets by status sold" time="1.536523">
    <system-out>Given url 'https://petstore.swagger.io/v2/pet/findByStatus?status=sold' ... passed
When method GET ........................................................... passed
Then status 200 ........................................................... passed
* def before = response ................................................... passed
* def fun = function(x){ return {id:x.id, name:x.name} } .................. passed
* def res = karate.map(before, fun) ....................................... passed
* print res ............................................................... passed</system-out>
  </testcase>
</testsuite>
