<testsuite failures="0" name="com/inditex/certification/features/create_your_user.feature" skipped="0" tests="1" time="1.953353">
  <testcase classname="com.inditex.certification.features.create_your_user" name="Create user and retrieve their data" time="1.953353">
    <system-out>* def generateUser = ...................................................... passed
* def userName = generateUser().replaceAll(':', '') ....................... passed
* print userName .......................................................... passed
Given url 'https://petstore.swagger.io/v2/user' ........................... passed
And request ............................................................... passed
When method POST .......................................................... passed
Then status 200 ........................................................... passed
* def idCreateUser = Number(response.message) ............................. passed
* print 'id user is',idCreateUser ......................................... passed
Given url 'https://petstore.swagger.io/v2/user/' + userName ............... passed
When method GET ........................................................... passed
Then status 200 ........................................................... passed
And match $.id == idCreateUser ............................................ passed</system-out>
  </testcase>
</testsuite>
